{"level":"info","message":"Server running on http://localhost:8000","service":"backend-service","timestamp":"2026-01-16 22:20:16"}
{"level":"info","message":"SIGTERM received. Shutting down gracefully.","service":"backend-service","timestamp":"2026-01-16 22:20:16"}
{"level":"info","message":"HTTP server closed.","service":"backend-service","timestamp":"2026-01-16 22:20:16"}
{"level":"info","message":"Server running on http://localhost:8000","service":"backend-service","timestamp":"2026-01-16 22:20:26"}
{"level":"info","message":"Server running on http://localhost:8000","service":"backend-service","timestamp":"2026-01-16 22:25:44"}
{"level":"info","message":"SIGTERM received. Shutting down gracefully.","service":"backend-service","timestamp":"2026-01-16 22:27:23"}
{"level":"info","message":"HTTP server closed.","service":"backend-service","timestamp":"2026-01-16 22:27:23"}
{"level":"info","message":"Server running on http://localhost:8000","service":"backend-service","timestamp":"2026-01-16 22:27:31"}
{"level":"info","message":"SIGTERM received. Shutting down gracefully.","service":"backend-service","timestamp":"2026-01-16 22:27:45"}
{"level":"info","message":"HTTP server closed.","service":"backend-service","timestamp":"2026-01-16 22:27:45"}
{"level":"info","message":"Server running on http://localhost:8000","service":"backend-service","timestamp":"2026-01-16 22:27:53"}
{"level":"info","message":"SIGTERM received. Shutting down gracefully.","service":"backend-service","timestamp":"2026-01-16 22:27:55"}
{"level":"info","message":"HTTP server closed.","service":"backend-service","timestamp":"2026-01-16 22:27:55"}
{"level":"info","message":"Server running on http://localhost:8000","service":"backend-service","timestamp":"2026-01-16 22:28:03"}
{"level":"info","message":"SIGTERM received. Shutting down gracefully.","service":"backend-service","timestamp":"2026-01-16 22:28:23"}
{"level":"info","message":"HTTP server closed.","service":"backend-service","timestamp":"2026-01-16 22:28:23"}
{"level":"info","message":"Server running on http://localhost:8000","service":"backend-service","timestamp":"2026-01-16 22:28:32"}
{"level":"info","message":"SIGTERM received. Shutting down gracefully.","service":"backend-service","timestamp":"2026-01-16 22:28:37"}
{"level":"info","message":"HTTP server closed.","service":"backend-service","timestamp":"2026-01-16 22:28:37"}
{"level":"info","message":"Server running on http://localhost:8000","service":"backend-service","timestamp":"2026-01-16 22:28:46"}
{"level":"info","message":"SIGTERM received. Shutting down gracefully.","service":"backend-service","timestamp":"2026-01-16 22:28:51"}
{"level":"info","message":"HTTP server closed.","service":"backend-service","timestamp":"2026-01-16 22:28:51"}
{"level":"info","message":"Server running on http://localhost:8000","service":"backend-service","timestamp":"2026-01-16 22:29:00"}
{"level":"info","message":"SIGTERM received. Shutting down gracefully.","service":"backend-service","timestamp":"2026-01-16 22:29:27"}
{"level":"info","message":"HTTP server closed.","service":"backend-service","timestamp":"2026-01-16 22:29:27"}
{"level":"info","message":"Server running on http://localhost:8000","service":"backend-service","timestamp":"2026-01-16 22:29:36"}
{"level":"info","message":"SIGTERM received. Shutting down gracefully.","service":"backend-service","timestamp":"2026-01-16 22:29:45"}
{"level":"info","message":"HTTP server closed.","service":"backend-service","timestamp":"2026-01-16 22:29:45"}
{"level":"info","message":"Server running on http://localhost:8000","service":"backend-service","timestamp":"2026-01-16 22:29:54"}
{"level":"info","message":"SIGTERM received. Shutting down gracefully.","service":"backend-service","timestamp":"2026-01-16 22:30:00"}
{"level":"info","message":"HTTP server closed.","service":"backend-service","timestamp":"2026-01-16 22:30:00"}
{"level":"info","message":"Server running on http://localhost:8000","service":"backend-service","timestamp":"2026-01-16 22:30:08"}
{"level":"info","message":"SIGTERM received. Shutting down gracefully.","service":"backend-service","timestamp":"2026-01-16 22:30:36"}
{"level":"info","message":"HTTP server closed.","service":"backend-service","timestamp":"2026-01-16 22:30:36"}
{"level":"info","message":"Server running on http://localhost:8000","service":"backend-service","timestamp":"2026-01-16 22:30:45"}
{"level":"info","message":"SIGTERM received. Shutting down gracefully.","service":"backend-service","timestamp":"2026-01-16 22:30:52"}
{"level":"info","message":"HTTP server closed.","service":"backend-service","timestamp":"2026-01-16 22:30:52"}
{"level":"info","message":"Server running on http://localhost:8000","service":"backend-service","timestamp":"2026-01-16 22:30:55"}
{"level":"info","message":"SIGTERM received. Shutting down gracefully.","service":"backend-service","timestamp":"2026-01-16 22:30:59"}
{"level":"info","message":"HTTP server closed.","service":"backend-service","timestamp":"2026-01-16 22:30:59"}
{"level":"info","message":"Server running on http://localhost:8000","service":"backend-service","timestamp":"2026-01-16 22:31:02"}
{"level":"info","message":"SIGTERM received. Shutting down gracefully.","service":"backend-service","timestamp":"2026-01-16 22:31:16"}
{"level":"info","message":"HTTP server closed.","service":"backend-service","timestamp":"2026-01-16 22:31:16"}
{"level":"info","message":"Server running on http://localhost:8000","service":"backend-service","timestamp":"2026-01-16 22:31:24"}
{"level":"info","message":"SIGTERM received. Shutting down gracefully.","service":"backend-service","timestamp":"2026-01-16 22:31:29"}
{"level":"info","message":"HTTP server closed.","service":"backend-service","timestamp":"2026-01-16 22:31:29"}
{"level":"info","message":"Server running on http://localhost:8000","service":"backend-service","timestamp":"2026-01-16 22:31:37"}
{"level":"info","message":"SIGTERM received. Shutting down gracefully.","service":"backend-service","timestamp":"2026-01-16 22:31:58"}
{"level":"info","message":"HTTP server closed.","service":"backend-service","timestamp":"2026-01-16 22:31:58"}
{"level":"info","message":"Server running on http://localhost:8000","service":"backend-service","timestamp":"2026-01-16 22:32:11"}
{"level":"info","message":"SIGTERM received. Shutting down gracefully.","service":"backend-service","timestamp":"2026-01-16 22:32:31"}
{"level":"info","message":"HTTP server closed.","service":"backend-service","timestamp":"2026-01-16 22:32:31"}
{"level":"info","message":"Server running on http://localhost:8000","service":"backend-service","timestamp":"2026-01-16 22:32:42"}
{"level":"info","message":"SIGTERM received. Shutting down gracefully.","service":"backend-service","timestamp":"2026-01-16 22:32:47"}
{"level":"info","message":"HTTP server closed.","service":"backend-service","timestamp":"2026-01-16 22:32:47"}
{"level":"info","message":"Server running on http://localhost:8000","service":"backend-service","timestamp":"2026-01-16 22:32:55"}
{"level":"info","message":"SIGTERM received. Shutting down gracefully.","service":"backend-service","timestamp":"2026-01-16 22:33:29"}
{"level":"info","message":"HTTP server closed.","service":"backend-service","timestamp":"2026-01-16 22:33:29"}
{"level":"info","message":"Server running on http://localhost:8000","service":"backend-service","timestamp":"2026-01-16 22:33:37"}
{"level":"info","message":"Server running on http://localhost:8000","service":"backend-service","timestamp":"2026-01-16 22:35:10"}
{"level":"info","message":"::ffff:127.0.0.1 - - [16/Jan/2026:15:35:43 +0000] \"GET /api/v1/docs HTTP/1.1\" 301 189 \"-\" \"Mozilla/5.0 (Macintosh; Intel Mac OS X 10.15; rv:147.0) Gecko/20100101 Firefox/147.0\"","service":"backend-service","timestamp":"2026-01-16 22:35:43"}
{"level":"info","message":"::ffff:127.0.0.1 - - [16/Jan/2026:15:35:43 +0000] \"GET /api/v1/docs/ HTTP/1.1\" 200 - \"-\" \"Mozilla/5.0 (Macintosh; Intel Mac OS X 10.15; rv:147.0) Gecko/20100101 Firefox/147.0\"","service":"backend-service","timestamp":"2026-01-16 22:35:43"}
{"level":"info","message":"::ffff:127.0.0.1 - - [16/Jan/2026:15:35:43 +0000] \"GET /api/v1/docs/swagger-ui-init.js HTTP/1.1\" 200 - \"-\" \"Mozilla/5.0 (Macintosh; Intel Mac OS X 10.15; rv:147.0) Gecko/20100101 Firefox/147.0\"","service":"backend-service","timestamp":"2026-01-16 22:35:43"}
{"level":"info","message":"::ffff:127.0.0.1 - - [16/Jan/2026:15:35:43 +0000] \"GET /api/v1/docs/swagger-ui.css HTTP/1.1\" 200 - \"-\" \"Mozilla/5.0 (Macintosh; Intel Mac OS X 10.15; rv:147.0) Gecko/20100101 Firefox/147.0\"","service":"backend-service","timestamp":"2026-01-16 22:35:43"}
{"level":"info","message":"::ffff:127.0.0.1 - - [16/Jan/2026:15:35:43 +0000] \"GET /api/v1/docs/swagger-ui-standalone-preset.js HTTP/1.1\" 200 - \"-\" \"Mozilla/5.0 (Macintosh; Intel Mac OS X 10.15; rv:147.0) Gecko/20100101 Firefox/147.0\"","service":"backend-service","timestamp":"2026-01-16 22:35:43"}
{"level":"info","message":"::ffff:127.0.0.1 - - [16/Jan/2026:15:35:43 +0000] \"GET /api/v1/docs/swagger-ui-bundle.js HTTP/1.1\" 200 - \"-\" \"Mozilla/5.0 (Macintosh; Intel Mac OS X 10.15; rv:147.0) Gecko/20100101 Firefox/147.0\"","service":"backend-service","timestamp":"2026-01-16 22:35:43"}
{"level":"info","message":"::ffff:127.0.0.1 - - [16/Jan/2026:15:35:44 +0000] \"GET /api/v1/docs/favicon-16x16.png HTTP/1.1\" 200 665 \"-\" \"Mozilla/5.0 (Macintosh; Intel Mac OS X 10.15; rv:147.0) Gecko/20100101 Firefox/147.0\"","service":"backend-service","timestamp":"2026-01-16 22:35:44"}
{"level":"info","message":"SIGTERM received. Shutting down gracefully.","service":"backend-service","timestamp":"2026-01-16 22:35:56"}
{"level":"info","message":"HTTP server closed.","service":"backend-service","timestamp":"2026-01-16 22:35:56"}
{"level":"info","message":"Server running on http://localhost:8000","service":"backend-service","timestamp":"2026-01-16 22:36:04"}
{"level":"info","message":"::ffff:127.0.0.1 - - [16/Jan/2026:15:36:05 +0000] \"GET /api/v1/docs/ HTTP/1.1\" 304 - \"-\" \"Mozilla/5.0 (Macintosh; Intel Mac OS X 10.15; rv:147.0) Gecko/20100101 Firefox/147.0\"","service":"backend-service","timestamp":"2026-01-16 22:36:05"}
{"level":"info","message":"::ffff:127.0.0.1 - - [16/Jan/2026:15:36:05 +0000] \"GET /api/v1/docs/swagger-ui-bundle.js HTTP/1.1\" 304 - \"-\" \"Mozilla/5.0 (Macintosh; Intel Mac OS X 10.15; rv:147.0) Gecko/20100101 Firefox/147.0\"","service":"backend-service","timestamp":"2026-01-16 22:36:05"}
{"level":"info","message":"::ffff:127.0.0.1 - - [16/Jan/2026:15:36:05 +0000] \"GET /api/v1/docs/swagger-ui-standalone-preset.js HTTP/1.1\" 304 - \"-\" \"Mozilla/5.0 (Macintosh; Intel Mac OS X 10.15; rv:147.0) Gecko/20100101 Firefox/147.0\"","service":"backend-service","timestamp":"2026-01-16 22:36:05"}
{"level":"info","message":"::ffff:127.0.0.1 - - [16/Jan/2026:15:36:05 +0000] \"GET /api/v1/docs/swagger-ui.css HTTP/1.1\" 304 - \"-\" \"Mozilla/5.0 (Macintosh; Intel Mac OS X 10.15; rv:147.0) Gecko/20100101 Firefox/147.0\"","service":"backend-service","timestamp":"2026-01-16 22:36:05"}
{"level":"info","message":"::ffff:127.0.0.1 - - [16/Jan/2026:15:36:05 +0000] \"GET /api/v1/docs/swagger-ui-init.js HTTP/1.1\" 200 - \"-\" \"Mozilla/5.0 (Macintosh; Intel Mac OS X 10.15; rv:147.0) Gecko/20100101 Firefox/147.0\"","service":"backend-service","timestamp":"2026-01-16 22:36:05"}
{"level":"error","message":"Unable to process request!: Unknown column 'user_email' in 'field list'","service":"backend-service","stack":"Error\n    at Query.run (/Users/dear/Documents/NEUROAI/BACKEND/node_modules/sequelize/src/dialects/mysql/query.js:46:25)\n    at <anonymous> (/Users/dear/Documents/NEUROAI/BACKEND/node_modules/sequelize/src/sequelize.js:650:28)\n    at process.processTicksAndRejections (node:internal/process/task_queues:103:5)\n    at async MySQLQueryInterface.select (/Users/dear/Documents/NEUROAI/BACKEND/node_modules/sequelize/src/dialects/abstract/query-interface.js:1001:12)\n    at async Users.findAll (/Users/dear/Documents/NEUROAI/BACKEND/node_modules/sequelize/src/model.js:1824:21)\n    at async Users.findOne (/Users/dear/Documents/NEUROAI/BACKEND/node_modules/sequelize/src/model.js:1998:12)\n    at async userRegister (/Users/dear/Documents/NEUROAI/BACKEND/src/controllers/auth/user/register.ts:37:26)","timestamp":"2026-01-16 22:36:15"}
{"level":"info","message":"::ffff:127.0.0.1 - - [16/Jan/2026:15:36:15 +0000] \"POST /api/v1/auth/register/users HTTP/1.1\" 500 150 \"-\" \"Mozilla/5.0 (Macintosh; Intel Mac OS X 10.15; rv:147.0) Gecko/20100101 Firefox/147.0\"","service":"backend-service","timestamp":"2026-01-16 22:36:15"}
{"level":"info","message":"SIGTERM received. Shutting down gracefully.","service":"backend-service","timestamp":"2026-01-16 22:36:41"}
{"level":"info","message":"HTTP server closed.","service":"backend-service","timestamp":"2026-01-16 22:36:41"}
{"level":"info","message":"Server running on http://localhost:8000","service":"backend-service","timestamp":"2026-01-16 22:37:25"}
{"level":"info","message":"::ffff:127.0.0.1 - - [16/Jan/2026:15:37:34 +0000] \"POST /api/v1/auth/register/users HTTP/1.1\" 201 118 \"-\" \"Mozilla/5.0 (Macintosh; Intel Mac OS X 10.15; rv:147.0) Gecko/20100101 Firefox/147.0\"","service":"backend-service","timestamp":"2026-01-16 22:37:34"}
{"level":"info","message":"Registration attempt failed: E-mail user@mail.com sudah terdaftar, gunakan yang lain","service":"backend-service","timestamp":"2026-01-16 22:37:37"}
{"level":"info","message":"::ffff:127.0.0.1 - - [16/Jan/2026:15:37:37 +0000] \"POST /api/v1/auth/register/users HTTP/1.1\" 400 163 \"-\" \"Mozilla/5.0 (Macintosh; Intel Mac OS X 10.15; rv:147.0) Gecko/20100101 Firefox/147.0\"","service":"backend-service","timestamp":"2026-01-16 22:37:37"}
{"level":"info","message":"User John Doe logged in successfully","service":"backend-service","timestamp":"2026-01-16 22:37:56"}
{"level":"info","message":"::ffff:127.0.0.1 - - [16/Jan/2026:15:37:56 +0000] \"POST /api/v1/auth/login/users HTTP/1.1\" 200 338 \"-\" \"Mozilla/5.0 (Macintosh; Intel Mac OS X 10.15; rv:147.0) Gecko/20100101 Firefox/147.0\"","service":"backend-service","timestamp":"2026-01-16 22:37:56"}
{"level":"info","message":"::ffff:127.0.0.1 - - [16/Jan/2026:15:38:09 +0000] \"GET /api/v1/ HTTP/1.1\" 200 158 \"-\" \"Mozilla/5.0 (Macintosh; Intel Mac OS X 10.15; rv:147.0) Gecko/20100101 Firefox/147.0\"","service":"backend-service","timestamp":"2026-01-16 22:38:09"}
{"level":"info","message":"::ffff:127.0.0.1 - - [16/Jan/2026:15:38:17 +0000] \"GET /api/v1/health HTTP/1.1\" 200 190 \"-\" \"Mozilla/5.0 (Macintosh; Intel Mac OS X 10.15; rv:147.0) Gecko/20100101 Firefox/147.0\"","service":"backend-service","timestamp":"2026-01-16 22:38:17"}
{"level":"info","message":"::ffff:127.0.0.1 - - [16/Jan/2026:15:38:27 +0000] \"GET /api/v1/info HTTP/1.1\" 400 130 \"-\" \"Mozilla/5.0 (Macintosh; Intel Mac OS X 10.15; rv:147.0) Gecko/20100101 Firefox/147.0\"","service":"backend-service","timestamp":"2026-01-16 22:38:27"}
{"level":"info","message":"::ffff:127.0.0.1 - - [16/Jan/2026:15:39:05 +0000] \"GET /api/v1/ HTTP/1.1\" 200 158 \"-\" \"Mozilla/5.0 (Macintosh; Intel Mac OS X 10.15; rv:147.0) Gecko/20100101 Firefox/147.0\"","service":"backend-service","timestamp":"2026-01-16 22:39:05"}
{"level":"info","message":"::ffff:127.0.0.1 - - [16/Jan/2026:15:39:10 +0000] \"GET /api/v1/info HTTP/1.1\" 200 168 \"-\" \"Mozilla/5.0 (Macintosh; Intel Mac OS X 10.15; rv:147.0) Gecko/20100101 Firefox/147.0\"","service":"backend-service","timestamp":"2026-01-16 22:39:10"}
{"level":"info","message":"SIGTERM received. Shutting down gracefully.","service":"backend-service","timestamp":"2026-01-16 22:39:38"}
{"level":"info","message":"HTTP server closed.","service":"backend-service","timestamp":"2026-01-16 22:39:38"}
{"level":"info","message":"Server running on http://localhost:8000","service":"backend-service","timestamp":"2026-01-16 22:39:47"}
{"level":"info","message":"::ffff:127.0.0.1 - - [16/Jan/2026:15:39:48 +0000] \"GET /api/v1/docs/ HTTP/1.1\" 304 - \"-\" \"Mozilla/5.0 (Macintosh; Intel Mac OS X 10.15; rv:147.0) Gecko/20100101 Firefox/147.0\"","service":"backend-service","timestamp":"2026-01-16 22:39:48"}
{"level":"info","message":"::ffff:127.0.0.1 - - [16/Jan/2026:15:39:48 +0000] \"GET /api/v1/docs/swagger-ui-bundle.js HTTP/1.1\" 304 - \"-\" \"Mozilla/5.0 (Macintosh; Intel Mac OS X 10.15; rv:147.0) Gecko/20100101 Firefox/147.0\"","service":"backend-service","timestamp":"2026-01-16 22:39:48"}
{"level":"info","message":"::ffff:127.0.0.1 - - [16/Jan/2026:15:39:48 +0000] \"GET /api/v1/docs/swagger-ui-standalone-preset.js HTTP/1.1\" 304 - \"-\" \"Mozilla/5.0 (Macintosh; Intel Mac OS X 10.15; rv:147.0) Gecko/20100101 Firefox/147.0\"","service":"backend-service","timestamp":"2026-01-16 22:39:48"}
{"level":"info","message":"::ffff:127.0.0.1 - - [16/Jan/2026:15:39:48 +0000] \"GET /api/v1/docs/swagger-ui.css HTTP/1.1\" 304 - \"-\" \"Mozilla/5.0 (Macintosh; Intel Mac OS X 10.15; rv:147.0) Gecko/20100101 Firefox/147.0\"","service":"backend-service","timestamp":"2026-01-16 22:39:48"}
{"level":"info","message":"::ffff:127.0.0.1 - - [16/Jan/2026:15:39:48 +0000] \"GET /api/v1/docs/swagger-ui-init.js HTTP/1.1\" 200 - \"-\" \"Mozilla/5.0 (Macintosh; Intel Mac OS X 10.15; rv:147.0) Gecko/20100101 Firefox/147.0\"","service":"backend-service","timestamp":"2026-01-16 22:39:48"}
{"level":"info","message":"::ffff:127.0.0.1 - - [16/Jan/2026:15:39:55 +0000] \"GET /api/v1/info HTTP/1.1\" 400 130 \"-\" \"Mozilla/5.0 (Macintosh; Intel Mac OS X 10.15; rv:147.0) Gecko/20100101 Firefox/147.0\"","service":"backend-service","timestamp":"2026-01-16 22:39:55"}
{"level":"info","message":"::ffff:127.0.0.1 - - [16/Jan/2026:15:40:04 +0000] \"GET /api/v1/info HTTP/1.1\" 200 168 \"-\" \"Mozilla/5.0 (Macintosh; Intel Mac OS X 10.15; rv:147.0) Gecko/20100101 Firefox/147.0\"","service":"backend-service","timestamp":"2026-01-16 22:40:04"}
{"level":"info","message":"Server running on http://localhost:8000","service":"backend-service","timestamp":"2026-01-17 22:03:06"}
{"level":"info","message":"SIGTERM received. Shutting down gracefully.","service":"backend-service","timestamp":"2026-01-17 22:03:31"}
{"level":"info","message":"HTTP server closed.","service":"backend-service","timestamp":"2026-01-17 22:03:31"}
{"level":"info","message":"Server running on http://localhost:8000","service":"backend-service","timestamp":"2026-01-17 22:03:41"}
{"level":"info","message":"SIGTERM received. Shutting down gracefully.","service":"backend-service","timestamp":"2026-01-17 22:04:19"}
{"level":"info","message":"HTTP server closed.","service":"backend-service","timestamp":"2026-01-17 22:04:19"}
{"level":"info","message":"Server running on http://localhost:8000","service":"backend-service","timestamp":"2026-01-17 22:04:31"}
{"level":"info","message":"SIGTERM received. Shutting down gracefully.","service":"backend-service","timestamp":"2026-01-17 22:04:34"}
{"level":"info","message":"HTTP server closed.","service":"backend-service","timestamp":"2026-01-17 22:04:34"}
{"level":"info","message":"Server running on http://localhost:8000","service":"backend-service","timestamp":"2026-01-17 22:04:42"}
{"level":"info","message":"SIGTERM received. Shutting down gracefully.","service":"backend-service","timestamp":"2026-01-17 22:04:55"}
{"level":"info","message":"HTTP server closed.","service":"backend-service","timestamp":"2026-01-17 22:04:55"}
{"level":"info","message":"Server running on http://localhost:8000","service":"backend-service","timestamp":"2026-01-17 22:05:03"}
{"level":"info","message":"SIGTERM received. Shutting down gracefully.","service":"backend-service","timestamp":"2026-01-17 22:06:31"}
{"level":"info","message":"HTTP server closed.","service":"backend-service","timestamp":"2026-01-17 22:06:31"}
{"level":"info","message":"Server running on http://localhost:8000","service":"backend-service","timestamp":"2026-01-17 22:06:40"}
{"level":"info","message":"[Scheduler]: Smart wallet scheduler started","service":"backend-service","timestamp":"2026-01-17 22:07:00"}
{"level":"info","message":"[Scheduler]: Smart wallet scheduler started","service":"backend-service","timestamp":"2026-01-17 22:08:00"}
{"level":"info","message":"[Scheduler]: Smart wallet scheduler started","service":"backend-service","timestamp":"2026-01-17 22:09:00"}
{"level":"info","message":"Server running on http://localhost:8000","service":"backend-service","timestamp":"2026-01-17 22:31:32"}
{"level":"info","message":"[Scheduler]: Smart wallet scheduler started","service":"backend-service","timestamp":"2026-01-17 22:32:00"}
{"level":"error","message":"Sync failed for 0xc5102fe9359fd9a28f877a67e36b0f050d81a3cc Cannot read properties of undefined (reading 'toLowerCase')","service":"backend-service","stack":"TypeError: Cannot read properties of undefined (reading 'toLowerCase')\n    at WalletTransactionService.saveWalletTransactions (/Users/dear/Documents/NEUROAI/BACKEND/src/services/wallet/WalletTransactionService.ts:10:28)\n    at SmartWalletSyncService.sync (/Users/dear/Documents/NEUROAI/BACKEND/src/services/wallet/SmartWalletSyncService.ts:16:38)\n    at process.processTicksAndRejections (node:internal/process/task_queues:103:5)\n    at async SmartWalletBatchService.syncAll (/Users/dear/Documents/NEUROAI/BACKEND/src/services/wallet/SmartWalletBatchService.ts:11:7)\n    at async import_node_cron.default.schedule.timezone (/Users/dear/Documents/NEUROAI/BACKEND/src/schedulers/smartWalletScheduler.ts:20:5)\n    at async Timeout._onTimeout (/Users/dear/Documents/NEUROAI/BACKEND/node_modules/node-cron/src/scheduler/runner.ts:100:30)","timestamp":"2026-01-17 22:32:05"}
{"level":"info","message":"[Scheduler]: Smart wallet scheduler started","service":"backend-service","timestamp":"2026-01-17 22:33:00"}
{"level":"error","message":"Sync failed for 0xc5102fe9359fd9a28f877a67e36b0f050d81a3cc Cannot read properties of undefined (reading 'toLowerCase')","service":"backend-service","stack":"TypeError: Cannot read properties of undefined (reading 'toLowerCase')\n    at WalletTransactionService.saveWalletTransactions (/Users/dear/Documents/NEUROAI/BACKEND/src/services/wallet/WalletTransactionService.ts:10:28)\n    at SmartWalletSyncService.sync (/Users/dear/Documents/NEUROAI/BACKEND/src/services/wallet/SmartWalletSyncService.ts:16:38)\n    at process.processTicksAndRejections (node:internal/process/task_queues:103:5)\n    at async SmartWalletBatchService.syncAll (/Users/dear/Documents/NEUROAI/BACKEND/src/services/wallet/SmartWalletBatchService.ts:11:7)\n    at async import_node_cron.default.schedule.timezone (/Users/dear/Documents/NEUROAI/BACKEND/src/schedulers/smartWalletScheduler.ts:20:5)\n    at async Timeout._onTimeout (/Users/dear/Documents/NEUROAI/BACKEND/node_modules/node-cron/src/scheduler/runner.ts:100:30)","timestamp":"2026-01-17 22:33:02"}
{"level":"info","message":"[Scheduler]: Smart wallet scheduler started","service":"backend-service","timestamp":"2026-01-17 22:34:00"}
{"level":"error","message":"Sync failed for 0xc5102fe9359fd9a28f877a67e36b0f050d81a3cc Cannot read properties of undefined (reading 'toLowerCase')","service":"backend-service","stack":"TypeError: Cannot read properties of undefined (reading 'toLowerCase')\n    at WalletTransactionService.saveWalletTransactions (/Users/dear/Documents/NEUROAI/BACKEND/src/services/wallet/WalletTransactionService.ts:10:28)\n    at SmartWalletSyncService.sync (/Users/dear/Documents/NEUROAI/BACKEND/src/services/wallet/SmartWalletSyncService.ts:16:38)\n    at process.processTicksAndRejections (node:internal/process/task_queues:103:5)\n    at async SmartWalletBatchService.syncAll (/Users/dear/Documents/NEUROAI/BACKEND/src/services/wallet/SmartWalletBatchService.ts:11:7)\n    at async import_node_cron.default.schedule.timezone (/Users/dear/Documents/NEUROAI/BACKEND/src/schedulers/smartWalletScheduler.ts:20:5)\n    at async Timeout._onTimeout (/Users/dear/Documents/NEUROAI/BACKEND/node_modules/node-cron/src/scheduler/runner.ts:100:30)","timestamp":"2026-01-17 22:34:02"}
{"level":"info","message":"Server running on http://localhost:8000","service":"backend-service","timestamp":"2026-01-17 22:34:22"}
{"level":"info","message":"[Scheduler]: Smart wallet scheduler started","service":"backend-service","timestamp":"2026-01-17 22:35:00"}
{"level":"error","message":"Sync failed for 0x2449ecef5012f0a0e153b278ef4fcc9625bc4c78 Cannot read properties of undefined (reading 'toLowerCase')","service":"backend-service","stack":"TypeError: Cannot read properties of undefined (reading 'toLowerCase')\n    at WalletTransactionService.saveWalletTransactions (/Users/dear/Documents/NEUROAI/BACKEND/src/services/wallet/WalletTransactionService.ts:10:28)\n    at SmartWalletSyncService.sync (/Users/dear/Documents/NEUROAI/BACKEND/src/services/wallet/SmartWalletSyncService.ts:16:38)\n    at process.processTicksAndRejections (node:internal/process/task_queues:103:5)\n    at async SmartWalletBatchService.syncAll (/Users/dear/Documents/NEUROAI/BACKEND/src/services/wallet/SmartWalletBatchService.ts:11:7)\n    at async import_node_cron.default.schedule.timezone (/Users/dear/Documents/NEUROAI/BACKEND/src/schedulers/smartWalletScheduler.ts:20:5)\n    at async Timeout._onTimeout (/Users/dear/Documents/NEUROAI/BACKEND/node_modules/node-cron/src/scheduler/runner.ts:100:30)","timestamp":"2026-01-17 22:35:04"}
{"level":"info","message":"[Scheduler]: Smart wallet scheduler started","service":"backend-service","timestamp":"2026-01-17 22:36:00"}
{"level":"error","message":"Sync failed for 0x2449ecef5012f0a0e153b278ef4fcc9625bc4c78 Cannot read properties of undefined (reading 'toLowerCase')","service":"backend-service","stack":"TypeError: Cannot read properties of undefined (reading 'toLowerCase')\n    at WalletTransactionService.saveWalletTransactions (/Users/dear/Documents/NEUROAI/BACKEND/src/services/wallet/WalletTransactionService.ts:10:28)\n    at SmartWalletSyncService.sync (/Users/dear/Documents/NEUROAI/BACKEND/src/services/wallet/SmartWalletSyncService.ts:16:38)\n    at process.processTicksAndRejections (node:internal/process/task_queues:103:5)\n    at async SmartWalletBatchService.syncAll (/Users/dear/Documents/NEUROAI/BACKEND/src/services/wallet/SmartWalletBatchService.ts:11:7)\n    at async import_node_cron.default.schedule.timezone (/Users/dear/Documents/NEUROAI/BACKEND/src/schedulers/smartWalletScheduler.ts:20:5)\n    at async Timeout._onTimeout (/Users/dear/Documents/NEUROAI/BACKEND/node_modules/node-cron/src/scheduler/runner.ts:100:30)","timestamp":"2026-01-17 22:36:02"}
{"level":"info","message":"[Scheduler]: Smart wallet scheduler started","service":"backend-service","timestamp":"2026-01-17 22:37:00"}
{"level":"error","message":"Sync failed for 0x2449ecef5012f0a0e153b278ef4fcc9625bc4c78 Cannot read properties of undefined (reading 'toLowerCase')","service":"backend-service","stack":"TypeError: Cannot read properties of undefined (reading 'toLowerCase')\n    at WalletTransactionService.saveWalletTransactions (/Users/dear/Documents/NEUROAI/BACKEND/src/services/wallet/WalletTransactionService.ts:10:28)\n    at SmartWalletSyncService.sync (/Users/dear/Documents/NEUROAI/BACKEND/src/services/wallet/SmartWalletSyncService.ts:16:38)\n    at process.processTicksAndRejections (node:internal/process/task_queues:103:5)\n    at async SmartWalletBatchService.syncAll (/Users/dear/Documents/NEUROAI/BACKEND/src/services/wallet/SmartWalletBatchService.ts:11:7)\n    at async import_node_cron.default.schedule.timezone (/Users/dear/Documents/NEUROAI/BACKEND/src/schedulers/smartWalletScheduler.ts:20:5)\n    at async Timeout._onTimeout (/Users/dear/Documents/NEUROAI/BACKEND/node_modules/node-cron/src/scheduler/runner.ts:100:30)","timestamp":"2026-01-17 22:37:02"}
{"level":"info","message":"[Scheduler]: Smart wallet scheduler started","service":"backend-service","timestamp":"2026-01-17 22:38:00"}
{"level":"error","message":"Sync failed for 0x2449ecef5012f0a0e153b278ef4fcc9625bc4c78 Cannot read properties of undefined (reading 'toLowerCase')","service":"backend-service","stack":"TypeError: Cannot read properties of undefined (reading 'toLowerCase')\n    at WalletTransactionService.saveWalletTransactions (/Users/dear/Documents/NEUROAI/BACKEND/src/services/wallet/WalletTransactionService.ts:10:28)\n    at SmartWalletSyncService.sync (/Users/dear/Documents/NEUROAI/BACKEND/src/services/wallet/SmartWalletSyncService.ts:16:38)\n    at process.processTicksAndRejections (node:internal/process/task_queues:103:5)\n    at async SmartWalletBatchService.syncAll (/Users/dear/Documents/NEUROAI/BACKEND/src/services/wallet/SmartWalletBatchService.ts:11:7)\n    at async import_node_cron.default.schedule.timezone (/Users/dear/Documents/NEUROAI/BACKEND/src/schedulers/smartWalletScheduler.ts:20:5)\n    at async Timeout._onTimeout (/Users/dear/Documents/NEUROAI/BACKEND/node_modules/node-cron/src/scheduler/runner.ts:100:30)","timestamp":"2026-01-17 22:38:02"}
{"level":"info","message":"Server running on http://localhost:8000","service":"backend-service","timestamp":"2026-01-17 23:16:42"}
{"level":"info","message":"[Scheduler] Wallet discovery started","service":"backend-service","timestamp":"2026-01-17 23:17:00"}
{"level":"info","message":"Wallet discovery finished","service":"backend-service","timestamp":"2026-01-17 23:17:02"}
{"level":"info","message":"SIGTERM received. Shutting down gracefully.","service":"backend-service","timestamp":"2026-01-17 23:17:43"}
{"level":"info","message":"HTTP server closed.","service":"backend-service","timestamp":"2026-01-17 23:17:43"}
{"level":"info","message":"Server running on http://localhost:8000","service":"backend-service","timestamp":"2026-01-17 23:17:53"}
{"level":"info","message":"[Scheduler] Wallet discovery started","service":"backend-service","timestamp":"2026-01-17 23:18:00"}
{"level":"info","message":"Wallet discovery finished","service":"backend-service","timestamp":"2026-01-17 23:18:02"}
{"level":"info","message":"SIGTERM received. Shutting down gracefully.","service":"backend-service","timestamp":"2026-01-17 23:18:07"}
{"level":"info","message":"HTTP server closed.","service":"backend-service","timestamp":"2026-01-17 23:18:07"}
{"level":"info","message":"Server running on http://localhost:8000","service":"backend-service","timestamp":"2026-01-17 23:18:14"}
{"level":"info","message":"[Scheduler] Wallet discovery started","service":"backend-service","timestamp":"2026-01-17 23:19:00"}
{"level":"info","message":"[WalletDiscoveryService]: Wallet discovery finished","service":"backend-service","timestamp":"2026-01-17 23:19:02"}
{"level":"info","message":"SIGTERM received. Shutting down gracefully.","service":"backend-service","timestamp":"2026-01-17 23:19:31"}
{"level":"info","message":"HTTP server closed.","service":"backend-service","timestamp":"2026-01-17 23:19:31"}
{"level":"info","message":"Server running on http://localhost:8000","service":"backend-service","timestamp":"2026-01-17 23:19:42"}
{"level":"info","message":"[Scheduler] Wallet discovery started","service":"backend-service","timestamp":"2026-01-17 23:20:00"}
{"level":"info","message":"[WalletDiscoveryService]: Wallet discovery finished","service":"backend-service","timestamp":"2026-01-17 23:20:05"}
{"level":"info","message":"Server running on http://localhost:8000","service":"backend-service","timestamp":"2026-01-17 23:20:57"}
{"level":"info","message":"[Scheduler] Wallet discovery started","service":"backend-service","timestamp":"2026-01-17 23:21:00"}
{"level":"info","message":"[WalletDiscoveryService]: Wallet discovery finished","service":"backend-service","timestamp":"2026-01-17 23:21:00"}
{"level":"info","message":"[Scheduler] Wallet discovery started","service":"backend-service","timestamp":"2026-01-17 23:22:00"}
{"level":"info","message":"[WalletDiscoveryService]: Wallet discovery finished","service":"backend-service","timestamp":"2026-01-17 23:22:00"}
{"level":"info","message":"[Scheduler] Wallet discovery started","service":"backend-service","timestamp":"2026-01-17 23:23:00"}
{"level":"info","message":"[WalletDiscoveryService]: Wallet discovery finished","service":"backend-service","timestamp":"2026-01-17 23:23:00"}
{"level":"info","message":"[Scheduler] Wallet discovery started","service":"backend-service","timestamp":"2026-01-17 23:24:00"}
{"level":"info","message":"[WalletDiscoveryService]: Wallet discovery finished","service":"backend-service","timestamp":"2026-01-17 23:24:00"}
{"level":"info","message":"[Scheduler] Wallet discovery started","service":"backend-service","timestamp":"2026-01-17 23:25:00"}
{"level":"info","message":"[WalletDiscoveryService]: Wallet discovery finished","service":"backend-service","timestamp":"2026-01-17 23:25:00"}
{"level":"info","message":"[Scheduler] Wallet discovery started","service":"backend-service","timestamp":"2026-01-17 23:26:00"}
{"level":"info","message":"[WalletDiscoveryService]: Wallet discovery finished","service":"backend-service","timestamp":"2026-01-17 23:26:00"}
{"level":"info","message":"[Scheduler] Wallet discovery started","service":"backend-service","timestamp":"2026-01-17 23:27:00"}
{"level":"info","message":"[WalletDiscoveryService]: Wallet discovery finished","service":"backend-service","timestamp":"2026-01-17 23:27:00"}
{"level":"info","message":"[Scheduler] Wallet discovery started","service":"backend-service","timestamp":"2026-01-17 23:28:00"}
{"level":"info","message":"[WalletDiscoveryService]: Wallet discovery finished","service":"backend-service","timestamp":"2026-01-17 23:28:00"}
{"level":"info","message":"[Scheduler] Wallet discovery started","service":"backend-service","timestamp":"2026-01-17 23:29:00"}
{"level":"info","message":"[WalletDiscoveryService]: Wallet discovery finished","service":"backend-service","timestamp":"2026-01-17 23:29:00"}
{"level":"info","message":"SIGTERM received. Shutting down gracefully.","service":"backend-service","timestamp":"2026-01-17 23:29:56"}
{"level":"info","message":"HTTP server closed.","service":"backend-service","timestamp":"2026-01-17 23:29:56"}
{"level":"info","message":"[Scheduler] Wallet discovery started","service":"backend-service","timestamp":"2026-01-17 23:30:00"}
{"level":"info","message":"[WalletDiscoveryService]: Wallet discovery finished","service":"backend-service","timestamp":"2026-01-17 23:30:00"}
{"level":"info","message":"Server running on http://localhost:8000","service":"backend-service","timestamp":"2026-01-17 23:30:05"}
{"level":"info","message":"SIGTERM received. Shutting down gracefully.","service":"backend-service","timestamp":"2026-01-17 23:30:31"}
{"level":"info","message":"HTTP server closed.","service":"backend-service","timestamp":"2026-01-17 23:30:31"}
{"level":"info","message":"Server running on http://localhost:8000","service":"backend-service","timestamp":"2026-01-17 23:30:42"}
{"level":"info","message":"[Scheduler] Wallet discovery started","service":"backend-service","timestamp":"2026-01-17 23:31:00"}
{"level":"info","message":"[WalletDiscoveryService]: Wallet discovery finished","service":"backend-service","timestamp":"2026-01-17 23:31:00"}
{"level":"info","message":"[Scheduler] Wallet discovery started","service":"backend-service","timestamp":"2026-01-17 23:32:00"}
{"level":"info","message":"[WalletDiscoveryService]: Wallet discovery finished","service":"backend-service","timestamp":"2026-01-17 23:32:00"}
{"level":"info","message":"[Scheduler] Wallet discovery started","service":"backend-service","timestamp":"2026-01-17 23:33:00"}
{"level":"info","message":"[WalletDiscoveryService]: Wallet discovery finished","service":"backend-service","timestamp":"2026-01-17 23:33:00"}
{"level":"info","message":"[Scheduler] Wallet discovery started","service":"backend-service","timestamp":"2026-01-17 23:34:00"}
{"level":"info","message":"[WalletDiscoveryService]: Wallet discovery finished","service":"backend-service","timestamp":"2026-01-17 23:34:00"}
{"level":"info","message":"SIGTERM received. Shutting down gracefully.","service":"backend-service","timestamp":"2026-01-17 23:34:10"}
{"level":"info","message":"HTTP server closed.","service":"backend-service","timestamp":"2026-01-17 23:34:10"}
{"level":"info","message":"Server running on http://localhost:8000","service":"backend-service","timestamp":"2026-01-17 23:34:20"}
{"level":"info","message":"[Scheduler] Wallet discovery started","service":"backend-service","timestamp":"2026-01-17 23:35:00"}
{"level":"info","message":"[WalletDiscoveryService]: Wallet discovery finished","service":"backend-service","timestamp":"2026-01-17 23:35:00"}
